-------------------------------------------------------------------------------
Test set: com.betterLife.HabitsBuilderApplicationTests
-------------------------------------------------------------------------------
Tests run: 1, Failures: 0, Errors: 1, Skipped: 0, Time elapsed: 0.263 s <<< FAILURE! - in com.betterLife.HabitsBuilderApplicationTests
com.betterLife.HabitsBuilderApplicationTests  Time elapsed: 0.262 s  <<< ERROR!
java.lang.IllegalStateException: Unable to find a @SpringBootConfiguration, you need to use @ContextConfiguration or @SpringBootTest(classes=...) with your test

